<?xml version="1.0" encoding="UTF-8"?>
<!DOCTYPE plist PUBLIC "-//Apple//DTD PLIST 1.0//EN" "http://www.apple.com/DTDs/PropertyList-1.0.dtd">
<plist version="1.0">
<dict>
	<key>_reportPID</key>
	<integer>320</integer>
	<key>_reportProcessName</key>
	<string>searchd</string>
	<key>_reportTime</key>
	<string>2026-03-21-06-02-13</string>
	<key>age_corespotlight_index</key>
	<integer>127202360</integer>
	<key>age_heartbeat</key>
	<integer>44465526</integer>
	<key>config_global</key>
	<integer>0</integer>
	<key>config_locale</key>
	<string>en_GB</string>
	<key>config_ota_version</key>
	<string>133.4.6</string>
	<key>data_collection_error</key>
	<integer>0</integer>
	<key>index_a_age</key>
	<integer>30554431</integer>
	<key>index_a_config</key>
	<integer>0</integer>
	<key>index_a_count_add_journaled</key>
	<integer>24</integer>
	<key>index_a_count_add_processed</key>
	<integer>1</integer>
	<key>index_a_count_add_request</key>
	<integer>24</integer>
	<key>index_a_count_delete_journaled</key>
	<integer>2</integer>
	<key>index_a_count_delete_processed</key>
	<integer>1</integer>
	<key>index_a_count_delete_request</key>
	<integer>0</integer>
	<key>index_a_count_drop</key>
	<integer>0</integer>
	<key>index_a_count_drop_total</key>
	<integer>0</integer>
	<key>index_a_count_open_clean</key>
	<integer>0</integer>
	<key>index_a_count_open_dirty</key>
	<integer>0</integer>
	<key>index_a_count_update_journaled</key>
	<integer>0</integer>
	<key>index_a_count_update_processed</key>
	<integer>0</integer>
	<key>index_a_count_update_request</key>
	<integer>0</integer>
	<key>index_a_max_index_gen_merge_level</key>
	<integer>1</integer>
	<key>index_a_max_journal_file_bytes</key>
	<integer>160</integer>
	<key>index_a_num_file</key>
	<integer>88</integer>
	<key>index_a_num_index_gen_compacted</key>
	<integer>1</integer>
	<key>index_a_num_index_gen_non_compacted</key>
	<integer>1</integer>
	<key>index_a_num_index_gen_read_only</key>
	<integer>1</integer>
	<key>index_a_num_index_gen_writeable</key>
	<integer>1</integer>
	<key>index_a_num_journal_file</key>
	<integer>1</integer>
	<key>index_a_num_object_sdb</key>
	<integer>300</integer>
	<key>index_a_sdb_file_size_bytes</key>
	<integer>1200128</integer>
	<key>index_a_sdb_shadow_file_size_bytes</key>
	<integer>1200128</integer>
	<key>index_a_size_bytes</key>
	<integer>16299578</integer>
	<key>index_a_time_since_last_open_clean</key>
	<integer>122137</integer>
	<key>index_a_time_since_last_open_dirty</key>
	<integer>3630173</integer>
	<key>index_a_time_since_merge_vacuum_end</key>
	<integer>255907</integer>
	<key>index_a_time_since_merge_vacuum_start</key>
	<integer>255921</integer>
	<key>index_b_age</key>
	<integer>127202360</integer>
	<key>index_b_config</key>
	<integer>0</integer>
	<key>index_b_count_add_journaled</key>
	<integer>4</integer>
	<key>index_b_count_add_processed</key>
	<integer>0</integer>
	<key>index_b_count_add_request</key>
	<integer>4</integer>
	<key>index_b_count_delete_journaled</key>
	<integer>0</integer>
	<key>index_b_count_delete_processed</key>
	<integer>0</integer>
	<key>index_b_count_delete_request</key>
	<integer>0</integer>
	<key>index_b_count_drop</key>
	<integer>0</integer>
	<key>index_b_count_drop_total</key>
	<integer>0</integer>
	<key>index_b_count_open_clean</key>
	<integer>0</integer>
	<key>index_b_count_open_dirty</key>
	<integer>0</integer>
	<key>index_b_count_update_journaled</key>
	<integer>0</integer>
	<key>index_b_count_update_processed</key>
	<integer>0</integer>
	<key>index_b_count_update_request</key>
	<integer>0</integer>
	<key>index_b_max_index_gen_merge_level</key>
	<integer>1</integer>
	<key>index_b_max_journal_file_bytes</key>
	<integer>0</integer>
	<key>index_b_num_file</key>
	<integer>84</integer>
	<key>index_b_num_index_gen_compacted</key>
	<integer>1</integer>
	<key>index_b_num_index_gen_non_compacted</key>
	<integer>1</integer>
	<key>index_b_num_index_gen_read_only</key>
	<integer>1</integer>
	<key>index_b_num_index_gen_writeable</key>
	<integer>1</integer>
	<key>index_b_num_journal_file</key>
	<integer>0</integer>
	<key>index_b_num_object_sdb</key>
	<integer>3</integer>
	<key>index_b_sdb_file_size_bytes</key>
	<integer>36864</integer>
	<key>index_b_sdb_shadow_file_size_bytes</key>
	<integer>36864</integer>
	<key>index_b_size_bytes</key>
	<integer>1128136</integer>
	<key>index_b_time_since_last_open_clean</key>
	<integer>122138</integer>
	<key>index_b_time_since_last_open_dirty</key>
	<integer>2929547</integer>
	<key>index_b_time_since_merge_vacuum_end</key>
	<integer>169664</integer>
	<key>index_b_time_since_merge_vacuum_start</key>
	<integer>169669</integer>
	<key>index_c_age</key>
	<integer>127202360</integer>
	<key>index_c_config</key>
	<integer>0</integer>
	<key>index_c_count_add_journaled</key>
	<integer>1948</integer>
	<key>index_c_count_add_processed</key>
	<integer>1924</integer>
	<key>index_c_count_add_request</key>
	<integer>1948</integer>
	<key>index_c_count_delete_journaled</key>
	<integer>1051</integer>
	<key>index_c_count_delete_processed</key>
	<integer>510</integer>
	<key>index_c_count_delete_request</key>
	<integer>35</integer>
	<key>index_c_count_drop</key>
	<integer>0</integer>
	<key>index_c_count_drop_total</key>
	<integer>0</integer>
	<key>index_c_count_open_clean</key>
	<integer>0</integer>
	<key>index_c_count_open_dirty</key>
	<integer>0</integer>
	<key>index_c_count_update_journaled</key>
	<integer>47</integer>
	<key>index_c_count_update_processed</key>
	<integer>55</integer>
	<key>index_c_count_update_request</key>
	<integer>47</integer>
	<key>index_c_max_index_gen_merge_level</key>
	<integer>1</integer>
	<key>index_c_max_journal_file_bytes</key>
	<integer>3886</integer>
	<key>index_c_num_file</key>
	<integer>128</integer>
	<key>index_c_num_index_gen_compacted</key>
	<integer>1</integer>
	<key>index_c_num_index_gen_non_compacted</key>
	<integer>3</integer>
	<key>index_c_num_index_gen_read_only</key>
	<integer>3</integer>
	<key>index_c_num_index_gen_writeable</key>
	<integer>1</integer>
	<key>index_c_num_journal_file</key>
	<integer>2</integer>
	<key>index_c_num_object_sdb</key>
	<integer>186179</integer>
	<key>index_c_sdb_file_size_bytes</key>
	<integer>300273664</integer>
	<key>index_c_sdb_shadow_file_size_bytes</key>
	<integer>300273664</integer>
	<key>index_c_size_bytes</key>
	<integer>883927911</integer>
	<key>index_c_time_since_last_open_clean</key>
	<integer>122137</integer>
	<key>index_c_time_since_last_open_dirty</key>
	<integer>278678</integer>
	<key>index_c_time_since_merge_end</key>
	<integer>295550</integer>
	<key>index_c_time_since_merge_start</key>
	<integer>295611</integer>
	<key>index_c_time_since_merge_vacuum_end</key>
	<integer>255789</integer>
	<key>index_c_time_since_merge_vacuum_start</key>
	<integer>255918</integer>
	<key>index_cx_age</key>
	<integer>79086253</integer>
	<key>index_cx_config</key>
	<integer>0</integer>
	<key>index_cx_count_add_journaled</key>
	<integer>20</integer>
	<key>index_cx_count_add_processed</key>
	<integer>0</integer>
	<key>index_cx_count_add_request</key>
	<integer>20</integer>
	<key>index_cx_count_delete_journaled</key>
	<integer>0</integer>
	<key>index_cx_count_delete_processed</key>
	<integer>0</integer>
	<key>index_cx_count_delete_request</key>
	<integer>0</integer>
	<key>index_cx_count_drop</key>
	<integer>0</integer>
	<key>index_cx_count_drop_total</key>
	<integer>0</integer>
	<key>index_cx_count_open_clean</key>
	<integer>0</integer>
	<key>index_cx_count_open_dirty</key>
	<integer>0</integer>
	<key>index_cx_count_update_journaled</key>
	<integer>0</integer>
	<key>index_cx_count_update_processed</key>
	<integer>0</integer>
	<key>index_cx_count_update_request</key>
	<integer>0</integer>
	<key>index_cx_max_index_gen_merge_level</key>
	<integer>1</integer>
	<key>index_cx_max_journal_file_bytes</key>
	<integer>0</integer>
	<key>index_cx_num_file</key>
	<integer>81</integer>
	<key>index_cx_num_index_gen_compacted</key>
	<integer>1</integer>
	<key>index_cx_num_index_gen_non_compacted</key>
	<integer>1</integer>
	<key>index_cx_num_index_gen_read_only</key>
	<integer>1</integer>
	<key>index_cx_num_index_gen_writeable</key>
	<integer>1</integer>
	<key>index_cx_num_journal_file</key>
	<integer>0</integer>
	<key>index_cx_num_object_sdb</key>
	<integer>30</integer>
	<key>index_cx_sdb_file_size_bytes</key>
	<integer>36864</integer>
	<key>index_cx_sdb_shadow_file_size_bytes</key>
	<integer>36864</integer>
	<key>index_cx_size_bytes</key>
	<integer>1062275</integer>
	<key>index_cx_time_since_last_open_clean</key>
	<integer>122138</integer>
	<key>index_cx_time_since_merge_vacuum_end</key>
	<integer>255917</integer>
	<key>index_cx_time_since_merge_vacuum_start</key>
	<integer>255921</integer>
	<key>index_mail_age</key>
	<integer>127202360</integer>
	<key>index_mail_config</key>
	<integer>0</integer>
	<key>index_mail_count_add_journaled</key>
	<integer>31</integer>
	<key>index_mail_count_add_processed</key>
	<integer>8</integer>
	<key>index_mail_count_add_request</key>
	<integer>31</integer>
	<key>index_mail_count_delete_journaled</key>
	<integer>0</integer>
	<key>index_mail_count_delete_processed</key>
	<integer>0</integer>
	<key>index_mail_count_delete_request</key>
	<integer>0</integer>
	<key>index_mail_count_drop</key>
	<integer>0</integer>
	<key>index_mail_count_drop_total</key>
	<integer>0</integer>
	<key>index_mail_count_open_clean</key>
	<integer>0</integer>
	<key>index_mail_count_open_dirty</key>
	<integer>0</integer>
	<key>index_mail_count_update_journaled</key>
	<integer>8</integer>
	<key>index_mail_count_update_processed</key>
	<integer>16</integer>
	<key>index_mail_count_update_request</key>
	<integer>8</integer>
	<key>index_mail_max_index_gen_merge_level</key>
	<integer>1</integer>
	<key>index_mail_max_journal_file_bytes</key>
	<integer>112297</integer>
	<key>index_mail_num_file</key>
	<integer>104</integer>
	<key>index_mail_num_index_gen_compacted</key>
	<integer>1</integer>
	<key>index_mail_num_index_gen_non_compacted</key>
	<integer>1</integer>
	<key>index_mail_num_index_gen_read_only</key>
	<integer>1</integer>
	<key>index_mail_num_index_gen_writeable</key>
	<integer>1</integer>
	<key>index_mail_num_journal_file</key>
	<integer>2</integer>
	<key>index_mail_num_object_sdb</key>
	<integer>16637</integer>
	<key>index_mail_sdb_file_size_bytes</key>
	<integer>25776128</integer>
	<key>index_mail_sdb_shadow_file_size_bytes</key>
	<integer>25776128</integer>
	<key>index_mail_size_bytes</key>
	<integer>104930848</integer>
	<key>index_mail_time_since_last_open_clean</key>
	<integer>122138</integer>
	<key>index_mail_time_since_last_open_dirty</key>
	<integer>278678</integer>
	<key>index_mail_time_since_merge_vacuum_end</key>
	<integer>255862</integer>
	<key>index_mail_time_since_merge_vacuum_start</key>
	<integer>255920</integer>
	<key>index_priority_age</key>
	<integer>79086263</integer>
	<key>index_priority_config</key>
	<integer>0</integer>
	<key>index_priority_count_add_journaled</key>
	<integer>67</integer>
	<key>index_priority_count_add_processed</key>
	<integer>44</integer>
	<key>index_priority_count_add_request</key>
	<integer>67</integer>
	<key>index_priority_count_delete_journaled</key>
	<integer>3</integer>
	<key>index_priority_count_delete_processed</key>
	<integer>0</integer>
	<key>index_priority_count_delete_request</key>
	<integer>3</integer>
	<key>index_priority_count_drop</key>
	<integer>0</integer>
	<key>index_priority_count_drop_total</key>
	<integer>0</integer>
	<key>index_priority_count_open_clean</key>
	<integer>0</integer>
	<key>index_priority_count_open_dirty</key>
	<integer>0</integer>
	<key>index_priority_count_update_journaled</key>
	<integer>389</integer>
	<key>index_priority_count_update_processed</key>
	<integer>390</integer>
	<key>index_priority_count_update_request</key>
	<integer>388</integer>
	<key>index_priority_max_index_gen_merge_level</key>
	<integer>1</integer>
	<key>index_priority_max_journal_file_bytes</key>
	<integer>31337</integer>
	<key>index_priority_num_file</key>
	<integer>88</integer>
	<key>index_priority_num_index_gen_compacted</key>
	<integer>1</integer>
	<key>index_priority_num_index_gen_non_compacted</key>
	<integer>1</integer>
	<key>index_priority_num_index_gen_read_only</key>
	<integer>1</integer>
	<key>index_priority_num_index_gen_writeable</key>
	<integer>1</integer>
	<key>index_priority_num_journal_file</key>
	<integer>2</integer>
	<key>index_priority_num_object_sdb</key>
	<integer>3236</integer>
	<key>index_priority_sdb_file_size_bytes</key>
	<integer>2838528</integer>
	<key>index_priority_sdb_shadow_file_size_bytes</key>
	<integer>2838528</integer>
	<key>index_priority_size_bytes</key>
	<integer>24647961</integer>
	<key>index_priority_time_since_last_open_clean</key>
	<integer>122137</integer>
	<key>index_priority_time_since_last_open_dirty</key>
	<integer>278678</integer>
	<key>index_priority_time_since_merge_vacuum_end</key>
	<integer>255868</integer>
	<key>index_priority_time_since_merge_vacuum_start</key>
	<integer>255918</integer>
	<key>system_fs_free_space_bytes</key>
	<integer>34937159680</integer>
	<key>system_fs_mount_flags</key>
	<integer>343969944</integer>
	<key>system_fs_total_space_bytes</key>
	<integer>511877271552</integer>
	<key>system_fs_type</key>
	<string>apfs</string>
	<key>system_total_ram_gb</key>
	<integer>6</integer>
	<key>system_volume_flags</key>
	<integer>18296925792237518977</integer>
	<key>time_since_last_heartbeat</key>
	<integer>29728</integer>
	<key>time_since_launch_1</key>
	<integer>123055</integer>
	<key>time_since_launch_2</key>
	<integer>278679</integer>
	<key>time_since_launch_3</key>
	<integer>296528</integer>
	<key>time_since_software_update</key>
	<integer>1905888</integer>
	<key>version_build</key>
	<string>23D8133</string>
	<key>version_build_previous</key>
	<string>23D127</string>
	<key>version_spotlight</key>
	<string>2400.22</string>
	<key>version_spotlight_previous</key>
	<string>2400.18.100</string>
	<key>version_train_previous</key>
	<string>23D127</string>
</dict>
</plist>
